
ROM used:   52126/65536 (80%)
            52128/65536 (80%) including unused fragments

            3.6 Average locations per line
            26.3 Average locations per statement

RAM used:   850/3936 (22%) at main() level
            1035/3936 (26%) worst case

Stack used: 11 worst case (10 in main + 1 for interrupts)
Stack size: 31

Lines Stmts  %   Files
----- ----- ---  -----
  760   145   7  18f26k20+enc28j60.c
   30     0   0  18f26k20+enc28j60.h
  836     0   0  ..\..\..\..\..\Program Files (x86)\PICC\Devices\18F26K20.h
  550    71   4  tcpip\stacktsk.c
  538     0   0  tcpip\stacktsk.h
  253     0   0  tcpip\pic18.h
  123     0   0  tcpip\hardware.h
  435     0   0  ..\..\..\..\..\Program Files (x86)\PICC\Drivers\string.h
   32     0   0  ..\..\..\..\..\Program Files (x86)\PICC\Drivers\stddef.h
   28     0   0  ..\..\..\..\..\Program Files (x86)\PICC\Drivers\ctype.h
 1351   359  18  ..\..\..\..\..\Program Files (x86)\PICC\Drivers\stdlib.h
  266    42   2  tcpip\helpers.c
   65     0   0  tcpip\helpers.h
  222     0   0  tcpip\mac.h
  538     0   0  tcpip\StackTsk.h
  726     0   0  tcpip\ENC28J60.h
  155    15   1  tcpip\tick.c
  148     0   0  tcpip\tick.h
 2231   325  16  tcpip\enc28j60.c
   65     0   0  tcpip\Helpers.h
  222     0   0  tcpip\MAC.h
   64     0   0  tcpip\http.h
  307    39   2  tcpip\ip.c
  258     0   0  tcpip\ip.h
 1933   572  29  tcpip\tcp.c
  408     0   0  tcpip\tcp.h
  257    31   2  tcpip\icmp.c
  151     0   0  tcpip\icmp.h
  213    31   2  tcpip\arptsk.c
  118     0   0  tcpip\arp.h
  128     0   0  tcpip\arptsk.h
  243    52   3  tcpip\arp.c
  883   297  15  tcpip\http.c
----- -----
14537  1979 Total

Page ROM  %  RAM    Vol Diff  Functions:
---- --- --- ---    --- ----  ----------
0     30   0    7             @READ_PROGRAM_MEMORY
0     40   0    1             @delay_ms1
0     38   0    1             @delay_us1
0    230   0   13    496  8.2  memmove
0    144   0   11    333  7.3  strncpy
0    120   0    5    243  7.0  strcmp
0     78   0    9    276  7.0  memchr
0    122   0    9    305  6.5  strpbrk
0    144   0    9    365  8.1  strspn
0     60   0    5    140  5.0  strlen
0    184   0   10    516  8.6  strtok
0    264   0    6    450  8.2  stricmp
0     84   0    6             @MULS1616
0    488   0   11   1817 10.4  atol
0     94   0   14             @MUL3232
0    880   1   52   2308 12.4  strtoul
0    114   0    4    101  3.8  rand
0     72   0    5             @DIV1616
0     20   0    4     39  2.1  srand
0     22   0    4    178  3.0  swaps
0     34   0    8    325  3.2  swapl
0    238   0   20    989  9.4  CalcIPChecksum
0     22   0    0    138  2.9  TickInit
0     26   0    2     86  2.1  TickGet
0     32   0    0    230  1.8  Tick_Isr
0     28   0    0     90  1.7  ENCSPIInit
0     16   0    1     38  1.4  ENCSPIXfer
0    462   0    2   3878 11.2  MACInit
0     40   0    2     91  2.7  MACIsTxReady
0     40   0    2    118  3.9  MACGetTxBuffer
0      2   0    1     22  1.0  MACDiscardTx
0    110   0    2    636  7.5  MACDiscardRx
0    282   0    6   1307  9.3  MACGetFreeRxSize
0    320   0   26   1894 10.6  MACGetHeader
0    202   0    8    989  9.0  MACPutHeader
0    570   1   14   2697 11.5  MACFlush
0    126   0    6    692  7.2  MACSetRxBuffer
0    168   0    6    576  6.5  MACSetTxBuffer
0    268   0    8   1582  9.2  MACCalcRxChecksum
0    228   0    8    908  8.1  MACCalcTxChecksum
0    348   0    6   1772 10.9  CalcIPBufferChecksum
0     44   0    1    151  2.9  MACGet
0    104   0    8    281  5.5  MACGetArray
0     30   0    1    110  2.1  MACPut
0     74   0    5    187  4.4  MACPutArray
0     20   0    0     84  2.0  SendSystemReset
0     42   0    3    158  3.1  ReadETHReg
0     50   0    3    183  3.0  ReadMACReg
0    158   0    4    444  4.3  ReadPHYReg
0     30   0    3    123  2.8  WriteReg
0     30   0    3    123  2.8  BFCReg
0     30   0    3    123  2.8  BFSReg
0    144   0    6    322  4.7  WritePHYReg
0     50   0    5    149  4.7  BankSel
0    162   0    5    647  6.3  MACSetDuplex
0    226   0   32    857  7.7  IPGetHeader
0    298   0   29   1184  7.5  IPPutHeader
0     26   0    4     33  1.7  IPSetRxBuffer
0    200   0    6    183  1.9  SwapIPHeader
0    320   0    5   1194  8.7  TCPInit
0    246   0    7    761  7.6  TCPListen
0     42   0    4     53  3.0  TCPIsConnected
0    270   0   17    497  6.9  TCPDisconnect
0    398   0   20    635  7.1  TCPFlush
0    156   0    3    197  4.0  TCPIsPutReady
0    248   0    7    414  7.3  TCPPutAvailable
0    322   0    8    790  9.0  TCPPut
0     78   0    5    200  5.1  TCPDiscard
0    212   0    7    506  6.9  TCPGet
0     44   0    3     52  2.6  TCPIsGetReady
0   1092   1   22   3595 15.7  TCPTick
0     44   0    0             @goto17714
0    398   0   46   1562  9.6  TCPProcess
0    556   1   58   3289 11.6  TransmitTCP
0    478   0   12   1233  9.4  FindMatching_TCP_Socket
0    478   0    8    409  2.9  SwapTCPHeader
0    254   0    4    723  5.3  CloseSocket
0   2552   2   36   7845 13.9  HandleTCPSeg
0    210   0   89    711  7.5  ICMPGet
0    284   0   87   1247  7.7  ICMPPut
0    200   0    6    203  2.0  SwapICMPPacket
0     30   0    0    414  2.8  ARPInit
0    144   0   11    511  8.0  ARPProcess
0    232   0   34    803  7.6  ARPGet
0    370   0   36   1689  7.9  ARPPut
0    188   0    6    180  2.1  SwapARPPacket
0    130   0    0             @const1939
0     74   0    0             @const1942
0    236   0   13    626  8.4  http_escape_chars
0    168   0   13    618  6.8  http_parse_cgi_string
0      8   0    1     25  1.6  set_tcp_http_putc
0     14   0    1     42  2.1  tcp_http_putc
0    188   0   11    525  6.8  TCPPutFileVarChunk
0    378   0   20    944  7.9  TCPPutFileParseConst
0    198   0   12    746  7.4  TCPPutFileConstChunk
0     44   0    5     88  2.5  TCPPutFileConstGetEscape
0    878   1   18   2192 11.2  tcp_http_put_file
0     14   0    0             @const2028
0     42   0    3             @PSTRINGCN_1977
0    200   0    9             @PRINTF_LU_1977
0     10   0    0             @const2034
0     34   0    1             @SPRINTF
0     32   0    2             @PSTRINGC_1977
0     14   0    0             @const2039
0     18   0    0             @const2040
0     38   0    2             @PSTRINGR_1977
0     10   0    0             @const2043
0      6   0    0             @const2044
0    106   0    3    386  5.1  HTTP_Init
0   3130   3   16   7904 16.1  HTTP_Task
0     22   0    0    162  2.2  StackInit
0    466   0    8   2602 10.8  StackTask
0     40   0    0             @goto18981
0  18380  18    0             @const2096
0    576   1    0             @const2099
0   6032   6    0             @const2102
0     26   0    0    333  2.8  MACAddrInit
0     44   0    0    751  2.9  IPAddrInit
0    350   0    9   1635  5.3  http_exec_cgi
0    490   0   37   1698  7.9  http_format_char
0     72   0    2             @PRINTF_X_2035
0     44   0    3             @DIV88
0    188   0    6             @PRINTF_D_2035
0    218   0    7    612  6.3  http_get_page
0    684   1    1    993  3.9  main
 Inline         0             @cinit1

Program metrics:
    Functions               98
    Statements              1979
    Comments                8747
    Volume (V)              158460
    Difficulty (D)          606.2
    Effort to implement (E) 96061263
    Time to implement (T)   1482 hours, 26 minutes
    Est Delivered Bugs (B)  70
    Cyclomatic Complexity   301
    Maintainability (MI)    127

 Segment     Used  Free
-----------  ----  ----
00000-00002     4  0  
00004-00006     2  2  
00008-000AC   166  0  
000AE-0FFFE  51954  13408  



