>>> Warning 215 "D:\Users\CHARLY\Desktop\Pic WebServer\tcpip\TCPIP Stack\TCPIP.h" Line 138(14,39): Undefined identifier
>>> Warning 215 "D:\Users\CHARLY\Desktop\Pic WebServer\tcpip\TCPIP Stack\TCPIP.h" Line 139(14,37): Undefined identifier
>>> Warning 215 "D:\Users\CHARLY\Desktop\Pic WebServer\tcpip\TCPIP Stack\TCPIP.h" Line 140(14,41): Undefined identifier
>>> Warning 215 "D:\Users\CHARLY\Desktop\Pic WebServer\tcpip\StackTsk2.h" Line 127(5,19): Undefined identifier   STACK_USE_WIFI
>>> Warning 215 "D:\Users\CHARLY\Desktop\Pic WebServer\tcpip\StackTsk2.h" Line 175(5,19): Undefined identifier   STACK_USE_WIFI
>>> Warning 237 "D:\Users\CHARLY\Desktop\Pic WebServer\server.h" Line 44(44,45): Extra comma
>>> Warning 203 "D:\Users\CHARLY\Desktop\Pic WebServer\tcpip\StackTsk.c" Line 360(1,1): Condition always TRUE
>>> Warning 203 "D:\Users\CHARLY\Desktop\Pic WebServer\tcpip\Helpers.c" Line 245(1,1): Condition always TRUE
>>> Warning 201 "D:\Users\CHARLY\Desktop\Pic WebServer\tcpip\Helpers.c" Line 454(1,1): Assignment inside relational expression
>>> Warning 201 "D:\Users\CHARLY\Desktop\Pic WebServer\tcpip\Helpers.c" Line 551(1,1): Assignment inside relational expression
>>> Warning 207 "D:\Users\CHARLY\Desktop\Pic WebServer\tcpip\Helpers.c" Line 1488(1,1): Code has no effect
>>> Warning 224 "D:\Users\CHARLY\Desktop\Pic WebServer\tcpip\DHCP.c" Line 968(27,66): #warning   this wasn't working with old compilers
>>> Warning 224 "D:\Users\CHARLY\Desktop\Pic WebServer\tcpip\DHCP.c" Line 996(30,69): #warning   this wasn't working with old compilers
>>> Warning 224 "D:\Users\CHARLY\Desktop\Pic WebServer\tcpip\DHCP.c" Line 1140(15,44): #warning   not working in old compilers
>>> Warning 235 "D:\Users\CHARLY\Desktop\Pic WebServer\tcpip\TCP.c" Line 239(20,25): Unknown Pragma
>>> Warning 235 "D:\Users\CHARLY\Desktop\Pic WebServer\tcpip\TCP.c" Line 243(20,25): Unknown Pragma
>>> Warning 235 "D:\Users\CHARLY\Desktop\Pic WebServer\tcpip\TCP.c" Line 251(20,25): Unknown Pragma
>>> Warning 235 "D:\Users\CHARLY\Desktop\Pic WebServer\tcpip\TCP.c" Line 255(0,5): Unknown Pragma
>>> Warning 215 "D:\Users\CHARLY\Desktop\Pic WebServer\tcpip\TCP.c" Line 384(8,24): Undefined identifier   TCP_PIC_RAM_SIZE
>>> Warning 215 "D:\Users\CHARLY\Desktop\Pic WebServer\tcpip\TCP.c" Line 387(8,24): Undefined identifier   TCP_SPI_RAM_SIZE
>>> Warning 215 "D:\Users\CHARLY\Desktop\Pic WebServer\tcpip\TCP.c" Line 434(14,30): Undefined identifier   TCP_PIC_RAM_SIZE
>>> Warning 215 "D:\Users\CHARLY\Desktop\Pic WebServer\tcpip\TCP.c" Line 444(14,30): Undefined identifier   TCP_SPI_RAM_SIZE
>>> Warning 203 "D:\Users\CHARLY\Desktop\Pic WebServer\tcpip\TCP.c" Line 455(1,1): Condition always TRUE
>>> Warning 203 "D:\Users\CHARLY\Desktop\Pic WebServer\tcpip\TCP.c" Line 2015(1,1): Condition always TRUE
>>> Warning 203 "D:\Users\CHARLY\Desktop\Pic WebServer\tcpip\TCP.c" Line 2191(1,1): Condition always TRUE
>>> Warning 224 "D:\Users\CHARLY\Desktop\Pic WebServer\tcpip\MPFS.c" Line 316(21,45): #warning   4.121 temporary bug fix
>>> Warning 207 "D:\Users\CHARLY\Desktop\Pic WebServer\tcpip\MPFS.c" Line 716(1,1): Code has no effect
>>> Warning 207 "D:\Users\CHARLY\Desktop\Pic WebServer\tcpip\ccs_HTTP2.c" Line 262(1,1): Code has no effect
>>> Warning 207 "D:\Users\CHARLY\Desktop\Pic WebServer\tcpip\ccs_HTTP2.c" Line 464(1,1): Code has no effect
>>> Warning 201 "D:\Users\CHARLY\Desktop\Pic WebServer\tcpip\ccs_HTTP2.c" Line 481(1,1): Assignment inside relational expression
>>> Warning 203 "D:\Users\CHARLY\Desktop\Pic WebServer\tcpip\ccs_HTTP2.c" Line 1183(1,1): Condition always TRUE
>>> Warning 201 "D:\Users\CHARLY\Desktop\Pic WebServer\tcpip\ccs_HTTP2.c" Line 1311(1,1): Assignment inside relational expression
>>> Warning 215 "D:\Users\CHARLY\Desktop\Pic WebServer\tcpip\StackTsk2.c" Line 237(7,21): Undefined identifier   STACK_USE_WIFI
>>> Warning 215 "D:\Users\CHARLY\Desktop\Pic WebServer\tcpip\StackTsk2.c" Line 336(5,19): Undefined identifier   STACK_USE_WIFI
>>> Warning 208 "D:\Users\CHARLY\Desktop\Pic WebServer\tcpip\TCPIP Stack\ccs_HTTP2.h" Line 66(15,31): Function not void and does not return a value  http_format_char
>>> Warning 203 "server.c" Line 138(1,1): Condition always TRUE
>>> Warning 202 "D:\Users\CHARLY\Desktop\Pic WebServer\tcpip\Helpers.c" Line 1260(11,19): Variable never used:   toRotate
      Memory usage:   ROM=98%      RAM=37% - 41%
      0 Errors,  37 Warnings.
Build Successful.
